2017-02-09 20:07:42 INFO [IOSCrawler.apply.78] load com.xueqiu.qa.appcrawler.plugin com.xueqiu.qa.appcrawler.plugin.ProxyPlugin
2017-02-09 20:07:42 INFO [IOSCrawler.loadPlugins.84] dynamic load plugin in /Users/YaoWanXin/plugins/
2017-02-09 20:07:44 INFO [IOSCrawler.loadPlugins.86] found dynamic plugins size 0
2017-02-09 20:07:44 INFO [IOSCrawler.apply.88] com.xueqiu.qa.appcrawler.plugin.TagLimitPlugin@7b208b45
2017-02-09 20:07:44 INFO [IOSCrawler.apply.88] com.xueqiu.qa.appcrawler.plugin.ReportPlugin@7cedfa63
2017-02-09 20:07:44 INFO [IOSCrawler.apply.88] com.xueqiu.qa.appcrawler.plugin.FreeMind@783efb48
2017-02-09 20:07:44 INFO [IOSCrawler.apply.88] com.xueqiu.qa.appcrawler.plugin.ProxyPlugin@4e8e8621
2017-02-09 20:07:44 INFO [TagLimitPlugin.init.17] com.xueqiu.qa.appcrawler.plugin.TagLimitPlugin init
2017-02-09 20:07:44 INFO [ReportPlugin.init.17] com.xueqiu.qa.appcrawler.plugin.ReportPlugin init
2017-02-09 20:07:44 INFO [FreeMind.init.17] com.xueqiu.qa.appcrawler.plugin.FreeMind init
2017-02-09 20:07:44 INFO [ProxyPlugin.init.17] com.xueqiu.qa.appcrawler.plugin.ProxyPlugin init
2017-02-09 20:07:44 INFO [ReportPlugin.start.20] reportPath=/Users/YaoWanXin/Desktop/blog/iOS_20170209200739
2017-02-09 20:07:44 INFO [ReportPlugin.start.23] create /Users/YaoWanXin/Desktop/blog/iOS_20170209200739/tmp/ directory
2017-02-09 20:07:50 INFO [ProxyPlugin.start.33] proxy server listen on 7777
2017-02-09 20:07:51 INFO [IOSCrawler.handleCtrlC.1240] add shutdown hook
2017-02-09 20:07:51 INFO [IOSCrawler.start.129] prepare setup Appium
2017-02-09 20:08:22 INFO [IOSCrawler.setupAppium.42] success
2017-02-09 20:08:22 INFO [IOSCrawler.start.136] init MiniAppium
2017-02-09 20:08:22 INFO [IOSCrawler.start.137] platformName=iOS driver=IOSDriver:  on MAC (60a35a42-5d21-424c-9fe6-b609b9cc21dd)
2017-02-09 20:08:22 INFO [IOSCrawler.start.139] waiting for app load
2017-02-09 20:08:30 INFO [IOSCrawler.start.141] driver=null
2017-02-09 20:08:30 INFO [IOSCrawler.start.142] get screen info
2017-02-09 20:08:31 INFO [IOSCrawler.getDeviceInfo.215] screenWidth=375 screenHeight=667
2017-02-09 20:08:31 INFO [IOSCrawler.runStartupScript.189] run startup script
2017-02-09 20:08:31 INFO [IOSCrawler.runStartupScript.190] ListBuffer(swipe("left"), swipe("left"), swipe("down"), println(driver))
2017-02-09 20:08:40 INFO [IOSCrawler.refreshPage.519] refresh page
2017-02-09 20:08:41 INFO [IOSCrawler.parsePageContext.550] appName = autoTest
2017-02-09 20:08:41 INFO [IOSCrawler.parsePageContext.554] url=autoTest
2017-02-09 20:08:42 INFO [IOSCrawler.parsePageContext.576] currentContentHash=49cbaba1df9b72d06c63b8799df81c32 lastContentHash=49cbaba1df9b72d06c63b8799df81c32
2017-02-09 20:08:42 INFO [IOSCrawler.parsePageContext.580] ui not change
2017-02-09 20:08:42 INFO [IOSCrawler.apply.198] index = 1 current =  startupActions-swipe("left")-0
2017-02-09 20:08:42 INFO [IOSCrawler.saveDom.1001] save to iOS_20170209200739/0_autoTest_left.dom
2017-02-09 20:08:42 INFO [IOSCrawler.saveScreen.1025] start screenshot
2017-02-09 20:08:42 INFO [IOSCrawler.apply$mcV$sp.1028] ui change screenshot again
2017-02-09 20:08:44 INFO [IOSCrawler.saveScreen.1050] screenshot success
2017-02-09 20:08:48 INFO [IOSCrawler.refreshPage.519] refresh page
2017-02-09 20:08:50 INFO [IOSCrawler.parsePageContext.550] appName = autoTest
2017-02-09 20:08:50 INFO [IOSCrawler.parsePageContext.554] url=autoTest
2017-02-09 20:08:50 INFO [IOSCrawler.parsePageContext.576] currentContentHash=49cbaba1df9b72d06c63b8799df81c32 lastContentHash=49cbaba1df9b72d06c63b8799df81c32
2017-02-09 20:08:50 INFO [IOSCrawler.parsePageContext.580] ui not change
2017-02-09 20:08:50 INFO [IOSCrawler.apply.198] index = 2 current =  startupActions-swipe("left")-1
2017-02-09 20:08:50 INFO [IOSCrawler.saveDom.1001] save to iOS_20170209200739/1_autoTest_left.dom
2017-02-09 20:08:50 INFO [IOSCrawler.saveScreen.1025] start screenshot
2017-02-09 20:08:50 INFO [IOSCrawler.apply$mcV$sp.1028] ui change screenshot again
2017-02-09 20:08:52 INFO [IOSCrawler.saveScreen.1050] screenshot success
2017-02-09 20:08:57 INFO [IOSCrawler.refreshPage.519] refresh page
2017-02-09 20:08:58 INFO [IOSCrawler.parsePageContext.550] appName = autoTest
2017-02-09 20:08:58 INFO [IOSCrawler.parsePageContext.554] url=autoTest
2017-02-09 20:08:58 INFO [IOSCrawler.parsePageContext.576] currentContentHash=49cbaba1df9b72d06c63b8799df81c32 lastContentHash=49cbaba1df9b72d06c63b8799df81c32
2017-02-09 20:08:58 INFO [IOSCrawler.parsePageContext.580] ui not change
2017-02-09 20:08:58 INFO [IOSCrawler.apply.198] index = 3 current =  startupActions-swipe("down")-2
2017-02-09 20:08:58 INFO [IOSCrawler.saveDom.1001] save to iOS_20170209200739/2_autoTest_down.dom
2017-02-09 20:08:59 INFO [IOSCrawler.saveScreen.1025] start screenshot
2017-02-09 20:08:59 INFO [IOSCrawler.apply$mcV$sp.1028] ui change screenshot again
2017-02-09 20:09:01 INFO [IOSCrawler.saveScreen.1050] screenshot success
2017-02-09 20:09:02 INFO [IOSCrawler.refreshPage.519] refresh page
2017-02-09 20:09:03 INFO [IOSCrawler.parsePageContext.550] appName = autoTest
2017-02-09 20:09:03 INFO [IOSCrawler.parsePageContext.554] url=autoTest
2017-02-09 20:09:03 INFO [IOSCrawler.parsePageContext.576] currentContentHash=49cbaba1df9b72d06c63b8799df81c32 lastContentHash=49cbaba1df9b72d06c63b8799df81c32
2017-02-09 20:09:03 INFO [IOSCrawler.parsePageContext.580] ui not change
2017-02-09 20:09:03 INFO [IOSCrawler.apply.198] index = 4 current =  startupActions-println(driver)-3
2017-02-09 20:09:03 INFO [IOSCrawler.saveDom.1001] save to iOS_20170209200739/3_autoTest_.dom
2017-02-09 20:09:03 INFO [IOSCrawler.saveScreen.1025] start screenshot
2017-02-09 20:09:03 INFO [IOSCrawler.apply$mcV$sp.1028] ui change screenshot again
2017-02-09 20:09:06 INFO [IOSCrawler.saveScreen.1050] screenshot success
2017-02-09 20:09:07 INFO [IOSCrawler.crawl.696] crawl next
2017-02-09 20:09:07 INFO [IOSCrawler.refreshPage.519] refresh page
2017-02-09 20:09:08 INFO [IOSCrawler.parsePageContext.550] appName = autoTest
2017-02-09 20:09:08 INFO [IOSCrawler.parsePageContext.554] url=autoTest
2017-02-09 20:09:08 INFO [IOSCrawler.parsePageContext.576] currentContentHash=49cbaba1df9b72d06c63b8799df81c32 lastContentHash=49cbaba1df9b72d06c63b8799df81c32
2017-02-09 20:09:08 INFO [IOSCrawler.parsePageContext.580] ui not change
2017-02-09 20:09:08 INFO [IOSCrawler.crawl.725] refresh success
2017-02-09 20:09:08 INFO [IOSCrawler.setElementAction.631] set action to click
2017-02-09 20:09:08 INFO [IOSCrawler.crawl.739] found UrlElement(autoTest,UIAButton,test,,//UIAApplication[@label="autoTest"]/UIAWindow/UIAButton[@label="test"]) by ElementActions
2017-02-09 20:09:08 INFO [IOSCrawler.crawl.787] skip beforeElementActionAction to back
2017-02-09 20:09:08 INFO [IOSCrawler.doElementAction.1063] current element = UrlElement(autoTest,UIAButton,test,,//UIAApplication[@label="autoTest"]/UIAWindow/UIAButton[@label="test"])
2017-02-09 20:09:08 INFO [IOSCrawler.doElementAction.1064] current index = 4
2017-02-09 20:09:08 INFO [IOSCrawler.doElementAction.1065] current action = click
2017-02-09 20:09:08 INFO [IOSCrawler.doElementAction.1066] current url = autoTest
2017-02-09 20:09:08 INFO [IOSCrawler.doElementAction.1067] current xpath = //UIAApplication[@label="autoTest"]/UIAWindow/UIAButton[@label="test"]
2017-02-09 20:09:08 INFO [IOSCrawler.doElementAction.1068] current tag path = autoTest-/UIAApplication/UIAWindow/UIAButton
2017-02-09 20:09:08 INFO [IOSCrawler.doElementAction.1069] current file name = autoTest_autoTest-test
2017-02-09 20:09:08 INFO [IOSCrawler.doElementAction.1070] current uri = autoTest	//UIAApplication[@label="autoTest"]/UIAWindow/UIAButton[@label="test"]	UIAButton	test	
2017-02-09 20:09:08 INFO [IOSCrawler.findElementByUrlElement.890] find by xpath= //UIAApplication[@label="autoTest"]/UIAWindow/UIAButton[@label="test"]
2017-02-09 20:09:11 INFO [IOSCrawler.findElementByUrlElement.896] find by xpath success
2017-02-09 20:09:11 INFO [IOSCrawler.saveDom.1001] save to iOS_20170209200739/4_autoTest_autoTest-test.dom
2017-02-09 20:09:11 INFO [IOSCrawler.saveScreen.1025] start screenshot
2017-02-09 20:09:11 INFO [IOSCrawler.apply$mcV$sp.1028] ui change screenshot again
2017-02-09 20:09:14 INFO [IOSCrawler.saveScreen.1050] screenshot success
2017-02-09 20:09:14 INFO [IOSCrawler.doElementAction.1118] getLocation
2017-02-09 20:09:16 INFO [IOSCrawler.apply$mcV$sp.1136] click element
2017-02-09 20:09:17 INFO [IOSCrawler.afterElementAction.614] backRetry=0
2017-02-09 20:09:17 INFO [IOSCrawler.afterElementAction.618] afterElementAction eval
2017-02-09 20:09:18 INFO [ReportPlugin.afterElementAction.35] clickedElementsList size = 5
2017-02-09 20:09:18 INFO [ReportPlugin.afterElementAction.38] every 2 min to save test report 
2017-02-09 20:09:18 INFO [ReportPlugin.saveTestCase.20] save testcase
2017-02-09 20:09:18 INFO [ReportPlugin.genTestCase.68] selected size = 5
2017-02-09 20:09:18 INFO [ReportPlugin.runTestCase.105] compile testcase List(iOS_20170209200739/tmp//AppCrawler_0.scala) into iOS_20170209200739/tmp/
2017-02-09 20:09:19 INFO [ReportPlugin.runTestCase.118] run List(-R, iOS_20170209200739/tmp/, -oF, -u, iOS_20170209200739, -h, iOS_20170209200739, -s, AppCrawler_0)
2017-02-09 20:09:25 INFO [ProxyPlugin.afterElementAction.46] save har
2017-02-09 20:09:25 INFO [ProxyPlugin.afterElementAction.50] net.lightbody.bmp.core.har.Har@49522bdf
2017-02-09 20:09:25 INFO [ProxyPlugin.afterElementAction.51] net.lightbody.bmp.core.har.HarLog@39eea4f6
2017-02-09 20:09:25 INFO [ProxyPlugin.afterElementAction.52] 0
2017-02-09 20:09:25 INFO [ProxyPlugin.afterElementAction.53] har entry size = 0
2017-02-09 20:09:25 INFO [IOSCrawler.crawl.696] crawl next
2017-02-09 20:09:26 INFO [IOSCrawler.refreshPage.519] refresh page
2017-02-09 20:09:27 INFO [IOSCrawler.parsePageContext.550] appName = autoTest
2017-02-09 20:09:27 INFO [IOSCrawler.parsePageContext.554] url=autoTest
2017-02-09 20:09:27 INFO [IOSCrawler.parsePageContext.576] currentContentHash=49cbaba1df9b72d06c63b8799df81c32 lastContentHash=49cbaba1df9b72d06c63b8799df81c32
2017-02-09 20:09:27 INFO [IOSCrawler.parsePageContext.580] ui not change
2017-02-09 20:09:27 INFO [IOSCrawler.crawl.725] refresh success
2017-02-09 20:09:27 INFO [IOSCrawler.setElementAction.631] set action to click
2017-02-09 20:09:27 INFO [IOSCrawler.crawl.739] found UrlElement(autoTest,UIAButton,test,,//UIAApplication[@label="autoTest"]/UIAWindow/UIAButton[@label="test"]) by ElementActions
2017-02-09 20:09:27 INFO [IOSCrawler.crawl.787] skip beforeElementActionAction to back
2017-02-09 20:09:27 INFO [IOSCrawler.doElementAction.1063] current element = UrlElement(autoTest,UIAButton,test,,//UIAApplication[@label="autoTest"]/UIAWindow/UIAButton[@label="test"])
2017-02-09 20:09:27 INFO [IOSCrawler.doElementAction.1064] current index = 5
2017-02-09 20:09:27 INFO [IOSCrawler.doElementAction.1065] current action = click
2017-02-09 20:09:27 INFO [IOSCrawler.doElementAction.1066] current url = autoTest
2017-02-09 20:09:27 INFO [IOSCrawler.doElementAction.1067] current xpath = //UIAApplication[@label="autoTest"]/UIAWindow/UIAButton[@label="test"]
2017-02-09 20:09:27 INFO [IOSCrawler.doElementAction.1068] current tag path = autoTest-/UIAApplication/UIAWindow/UIAButton
2017-02-09 20:09:27 INFO [IOSCrawler.doElementAction.1069] current file name = autoTest_autoTest-test
2017-02-09 20:09:27 INFO [IOSCrawler.doElementAction.1070] current uri = autoTest	//UIAApplication[@label="autoTest"]/UIAWindow/UIAButton[@label="test"]	UIAButton	test	
2017-02-09 20:09:27 INFO [IOSCrawler.findElementByUrlElement.890] find by xpath= //UIAApplication[@label="autoTest"]/UIAWindow/UIAButton[@label="test"]
2017-02-09 20:09:30 INFO [IOSCrawler.findElementByUrlElement.896] find by xpath success
2017-02-09 20:09:30 INFO [IOSCrawler.saveDom.1001] save to iOS_20170209200739/5_autoTest_autoTest-test.dom
2017-02-09 20:09:30 INFO [IOSCrawler.saveScreen.1025] start screenshot
2017-02-09 20:09:30 INFO [IOSCrawler.apply$mcV$sp.1031] ui no change
2017-02-09 20:09:32 INFO [IOSCrawler.saveScreen.1050] screenshot success
2017-02-09 20:09:32 INFO [IOSCrawler.doElementAction.1118] getLocation
2017-02-09 20:09:35 INFO [IOSCrawler.apply$mcV$sp.1136] click element
2017-02-09 20:09:36 INFO [IOSCrawler.afterElementAction.614] backRetry=0
2017-02-09 20:09:36 INFO [IOSCrawler.afterElementAction.618] afterElementAction eval
2017-02-09 20:09:37 INFO [ReportPlugin.afterElementAction.35] clickedElementsList size = 6
2017-02-09 20:09:37 INFO [ProxyPlugin.afterElementAction.46] save har
2017-02-09 20:09:37 INFO [ProxyPlugin.afterElementAction.50] net.lightbody.bmp.core.har.Har@49522bdf
2017-02-09 20:09:37 INFO [ProxyPlugin.afterElementAction.51] net.lightbody.bmp.core.har.HarLog@39eea4f6
2017-02-09 20:09:37 INFO [ProxyPlugin.afterElementAction.52] 0
2017-02-09 20:09:37 INFO [ProxyPlugin.afterElementAction.53] har entry size = 0
2017-02-09 20:09:37 INFO [IOSCrawler.crawl.696] crawl next
2017-02-09 20:09:38 INFO [IOSCrawler.refreshPage.519] refresh page
2017-02-09 20:09:39 INFO [IOSCrawler.parsePageContext.550] appName = autoTest
2017-02-09 20:09:39 INFO [IOSCrawler.parsePageContext.554] url=autoTest
2017-02-09 20:09:39 INFO [IOSCrawler.parsePageContext.576] currentContentHash=49cbaba1df9b72d06c63b8799df81c32 lastContentHash=49cbaba1df9b72d06c63b8799df81c32
2017-02-09 20:09:39 INFO [IOSCrawler.parsePageContext.580] ui not change
2017-02-09 20:09:39 INFO [IOSCrawler.crawl.725] refresh success
2017-02-09 20:09:39 INFO [IOSCrawler.setElementAction.631] set action to click
2017-02-09 20:09:39 INFO [IOSCrawler.crawl.739] found UrlElement(autoTest,UIAButton,test,,//UIAApplication[@label="autoTest"]/UIAWindow/UIAButton[@label="test"]) by ElementActions
2017-02-09 20:09:39 INFO [IOSCrawler.crawl.787] skip beforeElementActionAction to back
2017-02-09 20:09:39 INFO [IOSCrawler.doElementAction.1063] current element = UrlElement(autoTest,UIAButton,test,,//UIAApplication[@label="autoTest"]/UIAWindow/UIAButton[@label="test"])
2017-02-09 20:09:39 INFO [IOSCrawler.doElementAction.1064] current index = 6
2017-02-09 20:09:39 INFO [IOSCrawler.doElementAction.1065] current action = click
2017-02-09 20:09:39 INFO [IOSCrawler.doElementAction.1066] current url = autoTest
2017-02-09 20:09:39 INFO [IOSCrawler.doElementAction.1067] current xpath = //UIAApplication[@label="autoTest"]/UIAWindow/UIAButton[@label="test"]
2017-02-09 20:09:39 INFO [IOSCrawler.doElementAction.1068] current tag path = autoTest-/UIAApplication/UIAWindow/UIAButton
2017-02-09 20:09:39 INFO [IOSCrawler.doElementAction.1069] current file name = autoTest_autoTest-test
2017-02-09 20:09:39 INFO [IOSCrawler.doElementAction.1070] current uri = autoTest	//UIAApplication[@label="autoTest"]/UIAWindow/UIAButton[@label="test"]	UIAButton	test	
2017-02-09 20:09:39 INFO [IOSCrawler.findElementByUrlElement.890] find by xpath= //UIAApplication[@label="autoTest"]/UIAWindow/UIAButton[@label="test"]
2017-02-09 20:09:42 INFO [IOSCrawler.findElementByUrlElement.896] find by xpath success
2017-02-09 20:09:42 INFO [IOSCrawler.saveDom.1001] save to iOS_20170209200739/6_autoTest_autoTest-test.dom
2017-02-09 20:09:42 INFO [IOSCrawler.saveScreen.1025] start screenshot
2017-02-09 20:09:42 INFO [IOSCrawler.apply$mcV$sp.1031] ui no change
2017-02-09 20:09:44 INFO [IOSCrawler.saveScreen.1050] screenshot success
2017-02-09 20:09:44 INFO [IOSCrawler.doElementAction.1118] getLocation
2017-02-09 20:09:47 INFO [IOSCrawler.apply$mcV$sp.1136] click element
2017-02-09 20:09:48 INFO [IOSCrawler.afterElementAction.614] backRetry=0
2017-02-09 20:09:48 INFO [IOSCrawler.afterElementAction.618] afterElementAction eval
2017-02-09 20:09:48 INFO [ReportPlugin.afterElementAction.35] clickedElementsList size = 7
2017-02-09 20:09:48 INFO [ProxyPlugin.afterElementAction.46] save har
2017-02-09 20:09:48 INFO [ProxyPlugin.afterElementAction.50] net.lightbody.bmp.core.har.Har@49522bdf
2017-02-09 20:09:48 INFO [ProxyPlugin.afterElementAction.51] net.lightbody.bmp.core.har.HarLog@39eea4f6
2017-02-09 20:09:48 INFO [ProxyPlugin.afterElementAction.52] 0
2017-02-09 20:09:48 INFO [ProxyPlugin.afterElementAction.53] har entry size = 0
2017-02-09 20:09:48 INFO [IOSCrawler.crawl.696] crawl next
2017-02-09 20:09:48 INFO [IOSCrawler.refreshPage.519] refresh page
2017-02-09 20:09:49 INFO [IOSCrawler.parsePageContext.550] appName = autoTest
2017-02-09 20:09:49 INFO [IOSCrawler.parsePageContext.554] url=autoTest
2017-02-09 20:09:49 INFO [IOSCrawler.parsePageContext.576] currentContentHash=49cbaba1df9b72d06c63b8799df81c32 lastContentHash=49cbaba1df9b72d06c63b8799df81c32
2017-02-09 20:09:49 INFO [IOSCrawler.parsePageContext.580] ui not change
2017-02-09 20:09:49 INFO [IOSCrawler.crawl.725] refresh success
2017-02-09 20:09:49 INFO [IOSCrawler.setElementAction.631] set action to click
2017-02-09 20:09:49 INFO [IOSCrawler.crawl.739] found UrlElement(autoTest,UIAButton,test,,//UIAApplication[@label="autoTest"]/UIAWindow/UIAButton[@label="test"]) by ElementActions
2017-02-09 20:09:49 INFO [IOSCrawler.crawl.787] skip beforeElementActionAction to back
2017-02-09 20:09:49 INFO [IOSCrawler.doElementAction.1063] current element = UrlElement(autoTest,UIAButton,test,,//UIAApplication[@label="autoTest"]/UIAWindow/UIAButton[@label="test"])
2017-02-09 20:09:49 INFO [IOSCrawler.doElementAction.1064] current index = 7
2017-02-09 20:09:49 INFO [IOSCrawler.doElementAction.1065] current action = click
2017-02-09 20:09:49 INFO [IOSCrawler.doElementAction.1066] current url = autoTest
2017-02-09 20:09:49 INFO [IOSCrawler.doElementAction.1067] current xpath = //UIAApplication[@label="autoTest"]/UIAWindow/UIAButton[@label="test"]
2017-02-09 20:09:49 INFO [IOSCrawler.doElementAction.1068] current tag path = autoTest-/UIAApplication/UIAWindow/UIAButton
2017-02-09 20:09:49 INFO [IOSCrawler.doElementAction.1069] current file name = autoTest_autoTest-test
2017-02-09 20:09:49 INFO [IOSCrawler.doElementAction.1070] current uri = autoTest	//UIAApplication[@label="autoTest"]/UIAWindow/UIAButton[@label="test"]	UIAButton	test	
2017-02-09 20:09:49 INFO [IOSCrawler.findElementByUrlElement.890] find by xpath= //UIAApplication[@label="autoTest"]/UIAWindow/UIAButton[@label="test"]
2017-02-09 20:09:52 INFO [IOSCrawler.findElementByUrlElement.896] find by xpath success
2017-02-09 20:09:52 INFO [IOSCrawler.saveDom.1001] save to iOS_20170209200739/7_autoTest_autoTest-test.dom
2017-02-09 20:09:52 INFO [IOSCrawler.saveScreen.1025] start screenshot
2017-02-09 20:09:52 INFO [IOSCrawler.apply$mcV$sp.1031] ui no change
2017-02-09 20:09:53 INFO [IOSCrawler.handle.1243] exit by INT
2017-02-09 20:09:53 INFO [ReportPlugin.saveTestCase.20] save testcase
2017-02-09 20:09:53 INFO [ReportPlugin.genTestCase.68] selected size = 5
2017-02-09 20:09:53 INFO [ReportPlugin.runTestCase.105] compile testcase List(iOS_20170209200739/tmp//AppCrawler_0.scala) into iOS_20170209200739/tmp/
2017-02-09 20:09:55 INFO [IOSCrawler.saveScreen.1050] screenshot success
2017-02-09 20:09:55 INFO [IOSCrawler.doElementAction.1118] getLocation
2017-02-09 20:09:55 INFO [ReportPlugin.runTestCase.118] run List(-R, iOS_20170209200739/tmp/, -oF, -u, iOS_20170209200739, -h, iOS_20170209200739, -s, AppCrawler_0)
2017-02-09 20:09:57 INFO [IOSCrawler.apply$mcV$sp.1136] click element
2017-02-09 20:09:58 INFO [IOSCrawler.handle.1243] exit by INT
